#! /usr/bin/vvp
:ivl_version "10.3 (stable)";
:ivl_delay_selection "TYPICAL";
:vpi_time_precision - 12;
:vpi_module "system";
:vpi_module "vhdl_sys";
:vpi_module "v2005_math";
:vpi_module "va_math";
S_0x559a0ba19120 .scope module, "uart_copi_if_tb" "uart_copi_if_tb" 2 2;
 .timescale -12 -12;
v0x559a0ba69310_0 .var "clk", 0 0;
v0x559a0ba693d0 .array "input_data_array", 11 0, 7 0;
v0x559a0ba69490_0 .var "input_data_char", 7 0;
v0x559a0ba69580_0 .var "input_data_cnt", 3 0;
v0x559a0ba69660_0 .var "reset", 0 0;
v0x559a0ba697a0_0 .var "send_data_flag", 0 0;
v0x559a0ba69890_0 .net "ser_data", 0 0, L_0x559a0ba46f30;  1 drivers
v0x559a0ba69980_0 .net "state_drv", 1 0, L_0x559a0ba4c8c0;  1 drivers
S_0x559a0ba192a0 .scope module, "drv_if" "uart_copi_if" 2 12, 3 19 0, S_0x559a0ba19120;
 .timescale -12 -12;
    .port_info 0 /INPUT 1 "CLK"
    .port_info 1 /INPUT 1 "RESET"
    .port_info 2 /INPUT 8 "INPUT_DATA_REG"
    .port_info 3 /INPUT 1 "START_SEND_DATA"
    .port_info 4 /OUTPUT 1 "SER_DATA"
    .port_info 5 /OUTPUT 2 "STATE"
L_0x559a0ba4c8c0 .functor BUFZ 2, v0x559a0ba68a20_0, C4<00>, C4<00>, C4<00>;
v0x559a0ba68bb0_0 .net "CLK", 0 0, v0x559a0ba69310_0;  1 drivers
v0x559a0ba68cc0_0 .net "INPUT_DATA_REG", 7 0, v0x559a0ba69490_0;  1 drivers
v0x559a0ba68d80_0 .net "RESET", 0 0, v0x559a0ba69660_0;  1 drivers
v0x559a0ba68e50_0 .net "SER_DATA", 0 0, L_0x559a0ba46f30;  alias, 1 drivers
v0x559a0ba68f20_0 .net "START_SEND_DATA", 0 0, v0x559a0ba697a0_0;  1 drivers
v0x559a0ba69010_0 .net "STATE", 1 0, L_0x559a0ba4c8c0;  alias, 1 drivers
v0x559a0ba690b0_0 .net "done_ser_data", 0 0, L_0x559a0ba47150;  1 drivers
v0x559a0ba691a0_0 .net "state", 1 0, v0x559a0ba68a20_0;  1 drivers
S_0x559a0ba4aa30 .scope module, "ser" "uart_copi_serializer" 3 35, 3 107 0, S_0x559a0ba192a0;
 .timescale -12 -12;
    .port_info 0 /INPUT 1 "CLK"
    .port_info 1 /INPUT 2 "STATE"
    .port_info 2 /INPUT 8 "INPUT_DATA_REG"
    .port_info 3 /OUTPUT 1 "DONE_SER_DATA"
    .port_info 4 /OUTPUT 1 "SER_DATA"
P_0x559a0ba35780 .param/l "DONE" 0 3 122, C4<11>;
P_0x559a0ba357c0 .param/l "READY" 0 3 120, C4<10>;
P_0x559a0ba35800 .param/l "RESET_STBY" 0 3 119, C4<00>;
P_0x559a0ba35840 .param/l "RUN" 0 3 121, C4<01>;
L_0x559a0ba46f30 .functor BUFZ 1, v0x559a0ba67f70_0, C4<0>, C4<0>, C4<0>;
L_0x559a0ba47150 .functor BUFZ 1, v0x559a0ba67eb0_0, C4<0>, C4<0>, C4<0>;
v0x559a0ba45e80_0 .net "CLK", 0 0, v0x559a0ba69310_0;  alias, 1 drivers
v0x559a0ba67a60_0 .net "DONE_SER_DATA", 0 0, L_0x559a0ba47150;  alias, 1 drivers
v0x559a0ba67b20_0 .net "INPUT_DATA_REG", 7 0, v0x559a0ba69490_0;  alias, 1 drivers
v0x559a0ba67be0_0 .net "SER_DATA", 0 0, L_0x559a0ba46f30;  alias, 1 drivers
v0x559a0ba67ca0_0 .net "STATE", 1 0, v0x559a0ba68a20_0;  alias, 1 drivers
v0x559a0ba67dd0_0 .var "data_cnt", 4 0;
v0x559a0ba67eb0_0 .var "done_ser_data", 0 0;
v0x559a0ba67f70_0 .var "serial_buffer", 0 0;
v0x559a0ba68030_0 .var "serial_data", 9 0;
E_0x559a0ba45280 .event posedge, v0x559a0ba45e80_0;
S_0x559a0ba681b0 .scope module, "st" "uart_copi_state_machine" 3 32, 3 41 0, S_0x559a0ba192a0;
 .timescale -12 -12;
    .port_info 0 /INPUT 1 "CLK"
    .port_info 1 /INPUT 1 "RESET"
    .port_info 2 /INPUT 1 "START_SEND_DATA"
    .port_info 3 /INPUT 1 "DONE_SER_DATA"
    .port_info 4 /OUTPUT 2 "oSTATE"
P_0x559a0ba419a0 .param/l "DONE" 0 3 52, C4<11>;
P_0x559a0ba419e0 .param/l "READY" 0 3 50, C4<10>;
P_0x559a0ba41a20 .param/l "RESET_STBY" 0 3 49, C4<00>;
P_0x559a0ba41a60 .param/l "RUN" 0 3 51, C4<01>;
v0x559a0ba685b0_0 .net "CLK", 0 0, v0x559a0ba69310_0;  alias, 1 drivers
v0x559a0ba68670_0 .net "DONE_SER_DATA", 0 0, L_0x559a0ba47150;  alias, 1 drivers
v0x559a0ba68710_0 .net "RESET", 0 0, v0x559a0ba69660_0;  alias, 1 drivers
v0x559a0ba687b0_0 .net "START_SEND_DATA", 0 0, v0x559a0ba697a0_0;  alias, 1 drivers
v0x559a0ba68850_0 .var "delay_cnt", 1 0;
v0x559a0ba68960_0 .net "oSTATE", 1 0, v0x559a0ba68a20_0;  alias, 1 drivers
v0x559a0ba68a20_0 .var "state", 1 0;
E_0x559a0ba44f90 .event negedge, v0x559a0ba45e80_0;
    .scope S_0x559a0ba681b0;
T_0 ;
    %wait E_0x559a0ba44f90;
    %load/vec4 v0x559a0ba68710_0;
    %nor/r;
    %flag_set/vec4 8;
    %jmp/0xz  T_0.0, 8;
    %pushi/vec4 0, 0, 2;
    %assign/vec4 v0x559a0ba68a20_0, 0;
    %pushi/vec4 2, 0, 2;
    %assign/vec4 v0x559a0ba68850_0, 0;
    %jmp T_0.1;
T_0.0 ;
    %load/vec4 v0x559a0ba68850_0;
    %pad/u 32;
    %cmpi/e 0, 0, 32;
    %jmp/0xz  T_0.2, 4;
    %load/vec4 v0x559a0ba68670_0;
    %flag_set/vec4 8;
    %jmp/0xz  T_0.4, 8;
    %pushi/vec4 3, 0, 2;
    %assign/vec4 v0x559a0ba68a20_0, 0;
    %pushi/vec4 2, 0, 2;
    %assign/vec4 v0x559a0ba68850_0, 0;
    %jmp T_0.5;
T_0.4 ;
    %load/vec4 v0x559a0ba68a20_0;
    %cmpi/e 2, 0, 2;
    %jmp/0xz  T_0.6, 4;
    %pushi/vec4 1, 0, 2;
    %assign/vec4 v0x559a0ba68a20_0, 0;
    %jmp T_0.7;
T_0.6 ;
    %load/vec4 v0x559a0ba68a20_0;
    %cmpi/e 1, 0, 2;
    %jmp/0xz  T_0.8, 4;
    %jmp T_0.9;
T_0.8 ;
    %load/vec4 v0x559a0ba687b0_0;
    %flag_set/vec4 8;
    %jmp/0xz  T_0.10, 8;
    %pushi/vec4 2, 0, 2;
    %assign/vec4 v0x559a0ba68a20_0, 0;
T_0.10 ;
T_0.9 ;
T_0.7 ;
T_0.5 ;
    %jmp T_0.3;
T_0.2 ;
    %load/vec4 v0x559a0ba68850_0;
    %subi 1, 0, 2;
    %assign/vec4 v0x559a0ba68850_0, 0;
T_0.3 ;
T_0.1 ;
    %jmp T_0;
    .thread T_0;
    .scope S_0x559a0ba4aa30;
T_1 ;
    %wait E_0x559a0ba45280;
    %load/vec4 v0x559a0ba67ca0_0;
    %cmpi/e 0, 0, 2;
    %jmp/0xz  T_1.0, 4;
    %pushi/vec4 0, 0, 5;
    %assign/vec4 v0x559a0ba67dd0_0, 0;
    %pushi/vec4 0, 0, 10;
    %assign/vec4 v0x559a0ba68030_0, 0;
    %pushi/vec4 0, 0, 1;
    %assign/vec4 v0x559a0ba67eb0_0, 0;
    %pushi/vec4 1, 0, 1;
    %assign/vec4 v0x559a0ba67f70_0, 0;
    %jmp T_1.1;
T_1.0 ;
    %load/vec4 v0x559a0ba67ca0_0;
    %cmpi/e 1, 0, 2;
    %jmp/0xz  T_1.2, 4;
    %pushi/vec4 1, 0, 5;
    %load/vec4 v0x559a0ba67dd0_0;
    %cmp/u;
    %flag_or 5, 4;
    %jmp/0xz  T_1.4, 5;
    %load/vec4 v0x559a0ba68030_0;
    %parti/s 1, 0, 2;
    %assign/vec4 v0x559a0ba67f70_0, 0;
    %load/vec4 v0x559a0ba68030_0;
    %ix/load 4, 1, 0;
    %flag_set/imm 4, 0;
    %shiftr 4;
    %assign/vec4 v0x559a0ba68030_0, 0;
    %load/vec4 v0x559a0ba67dd0_0;
    %subi 1, 0, 5;
    %assign/vec4 v0x559a0ba67dd0_0, 0;
    %jmp T_1.5;
T_1.4 ;
    %pushi/vec4 1, 0, 1;
    %assign/vec4 v0x559a0ba67eb0_0, 0;
T_1.5 ;
    %jmp T_1.3;
T_1.2 ;
    %load/vec4 v0x559a0ba67ca0_0;
    %cmpi/e 2, 0, 2;
    %jmp/0xz  T_1.6, 4;
    %pushi/vec4 10, 0, 5;
    %assign/vec4 v0x559a0ba67dd0_0, 0;
    %pushi/vec4 0, 0, 1;
    %assign/vec4 v0x559a0ba67eb0_0, 0;
    %pushi/vec4 1, 0, 1;
    %load/vec4 v0x559a0ba67b20_0;
    %concat/vec4; draw_concat_vec4
    %concati/vec4 0, 0, 1;
    %assign/vec4 v0x559a0ba68030_0, 0;
    %jmp T_1.7;
T_1.6 ;
    %pushi/vec4 0, 0, 1;
    %assign/vec4 v0x559a0ba67eb0_0, 0;
    %pushi/vec4 1, 0, 1;
    %assign/vec4 v0x559a0ba67f70_0, 0;
T_1.7 ;
T_1.3 ;
T_1.1 ;
    %jmp T_1;
    .thread T_1;
    .scope S_0x559a0ba19120;
T_2 ;
    %vpi_call 2 15 "$dumpfile", "uart_copi_if_tb.vcd" {0 0 0};
    %vpi_call 2 16 "$dumpvars", 32'sb00000000000000000000000000000000, S_0x559a0ba19120 {0 0 0};
    %pushi/vec4 0, 0, 1;
    %assign/vec4 v0x559a0ba69310_0, 0;
    %pushi/vec4 0, 0, 1;
    %assign/vec4 v0x559a0ba69660_0, 0;
    %pushi/vec4 0, 0, 4;
    %assign/vec4 v0x559a0ba69580_0, 0;
    %pushi/vec4 0, 0, 8;
    %assign/vec4 v0x559a0ba69490_0, 0;
    %pushi/vec4 0, 0, 1;
    %assign/vec4 v0x559a0ba697a0_0, 0;
    %pushi/vec4 72, 0, 8; draw_string_vec4
    %ix/load 3, 0, 0;
    %flag_set/imm 4, 0;
    %ix/load 4, 0, 0; Constant delay
    %assign/vec4/a/d v0x559a0ba693d0, 0, 4;
    %pushi/vec4 101, 0, 8; draw_string_vec4
    %ix/load 3, 1, 0;
    %flag_set/imm 4, 0;
    %ix/load 4, 0, 0; Constant delay
    %assign/vec4/a/d v0x559a0ba693d0, 0, 4;
    %pushi/vec4 108, 0, 8; draw_string_vec4
    %ix/load 3, 2, 0;
    %flag_set/imm 4, 0;
    %ix/load 4, 0, 0; Constant delay
    %assign/vec4/a/d v0x559a0ba693d0, 0, 4;
    %pushi/vec4 108, 0, 8; draw_string_vec4
    %ix/load 3, 3, 0;
    %flag_set/imm 4, 0;
    %ix/load 4, 0, 0; Constant delay
    %assign/vec4/a/d v0x559a0ba693d0, 0, 4;
    %pushi/vec4 111, 0, 8; draw_string_vec4
    %ix/load 3, 4, 0;
    %flag_set/imm 4, 0;
    %ix/load 4, 0, 0; Constant delay
    %assign/vec4/a/d v0x559a0ba693d0, 0, 4;
    %pushi/vec4 95, 0, 8; draw_string_vec4
    %ix/load 3, 5, 0;
    %flag_set/imm 4, 0;
    %ix/load 4, 0, 0; Constant delay
    %assign/vec4/a/d v0x559a0ba693d0, 0, 4;
    %pushi/vec4 87, 0, 8; draw_string_vec4
    %ix/load 3, 6, 0;
    %flag_set/imm 4, 0;
    %ix/load 4, 0, 0; Constant delay
    %assign/vec4/a/d v0x559a0ba693d0, 0, 4;
    %pushi/vec4 111, 0, 8; draw_string_vec4
    %ix/load 3, 7, 0;
    %flag_set/imm 4, 0;
    %ix/load 4, 0, 0; Constant delay
    %assign/vec4/a/d v0x559a0ba693d0, 0, 4;
    %pushi/vec4 114, 0, 8; draw_string_vec4
    %ix/load 3, 8, 0;
    %flag_set/imm 4, 0;
    %ix/load 4, 0, 0; Constant delay
    %assign/vec4/a/d v0x559a0ba693d0, 0, 4;
    %pushi/vec4 108, 0, 8; draw_string_vec4
    %ix/load 3, 9, 0;
    %flag_set/imm 4, 0;
    %ix/load 4, 0, 0; Constant delay
    %assign/vec4/a/d v0x559a0ba693d0, 0, 4;
    %pushi/vec4 100, 0, 8; draw_string_vec4
    %ix/load 3, 10, 0;
    %flag_set/imm 4, 0;
    %ix/load 4, 0, 0; Constant delay
    %assign/vec4/a/d v0x559a0ba693d0, 0, 4;
    %pushi/vec4 10, 0, 8; draw_string_vec4
    %ix/load 3, 11, 0;
    %flag_set/imm 4, 0;
    %ix/load 4, 0, 0; Constant delay
    %assign/vec4/a/d v0x559a0ba693d0, 0, 4;
    %delay 10, 0;
    %pushi/vec4 1, 0, 1;
    %assign/vec4 v0x559a0ba69660_0, 0;
    %delay 990, 0;
    %vpi_call 2 44 "$finish" {0 0 0};
    %end;
    .thread T_2;
    .scope S_0x559a0ba19120;
T_3 ;
    %delay 11, 0;
    %load/vec4 v0x559a0ba69580_0;
    %pad/u 5;
    %ix/vec4 4;
    %load/vec4a v0x559a0ba693d0, 4;
    %assign/vec4 v0x559a0ba69490_0, 0;
    %delay 1, 0;
    %pushi/vec4 1, 0, 1;
    %assign/vec4 v0x559a0ba697a0_0, 0;
    %load/vec4 v0x559a0ba69580_0;
    %pad/u 32;
    %addi 1, 0, 32;
    %pushi/vec4 12, 0, 32;
    %mod;
    %pad/u 4;
    %assign/vec4 v0x559a0ba69580_0, 0;
    %delay 4, 0;
    %pushi/vec4 0, 0, 1;
    %assign/vec4 v0x559a0ba697a0_0, 0;
    %delay 48, 0;
    %pushi/vec4 0, 0, 1;
    %assign/vec4 v0x559a0ba697a0_0, 0;
    %jmp T_3;
    .thread T_3;
    .scope S_0x559a0ba19120;
T_4 ;
    %delay 1, 0;
    %load/vec4 v0x559a0ba69310_0;
    %inv;
    %assign/vec4 v0x559a0ba69310_0, 0;
    %jmp T_4;
    .thread T_4;
# The file index is used to find the file name in the following table.
:file_names 4;
    "N/A";
    "<interactive>";
    "uart_copi_if_tb.v";
    "uart_copi_if.v";
